{"C:\\DEV\\Livro\\lib\\fortunes.js": {"path":"C:\\DEV\\Livro\\lib\\fortunes.js","statementMap":{"0":{"start":{"line":1,"column":17},"end":{"line":7,"column":1}},"1":{"start":{"line":9,"column":0},"end":{"line":12,"column":1}},"2":{"start":{"line":10,"column":16},"end":{"line":10,"column":57}},"3":{"start":{"line":11,"column":4},"end":{"line":11,"column":24}}},"fnMap":{"0":{"name":"(anonymous_0)","decl":{"start":{"line":9,"column":21},"end":{"line":9,"column":22}},"loc":{"start":{"line":9,"column":27},"end":{"line":12,"column":1}},"line":9}},"branchMap":{},"s":{"0":1,"1":1,"2":1,"3":1},"f":{"0":1},"b":{},"_coverageSchema":"1a1c01bbd47fc00a2c39e90264f33305004495a9","hash":"268eae8816fdcfbc115a7993fa4b9a1ad201716a"}
,"C:\\DEV\\Livro\\lib\\handlers.js": {"path":"C:\\DEV\\Livro\\lib\\handlers.js","statementMap":{"0":{"start":{"line":1,"column":16},"end":{"line":1,"column":40}},"1":{"start":{"line":2,"column":0},"end":{"line":2,"column":47}},"2":{"start":{"line":2,"column":29},"end":{"line":2,"column":47}},"3":{"start":{"line":4,"column":0},"end":{"line":5,"column":56}},"4":{"start":{"line":5,"column":4},"end":{"line":5,"column":56}},"5":{"start":{"line":9,"column":0},"end":{"line":9,"column":50}},"6":{"start":{"line":9,"column":33},"end":{"line":9,"column":50}},"7":{"start":{"line":11,"column":0},"end":{"line":11,"column":64}},"8":{"start":{"line":11,"column":47},"end":{"line":11,"column":64}}},"fnMap":{"0":{"name":"(anonymous_0)","decl":{"start":{"line":2,"column":15},"end":{"line":2,"column":16}},"loc":{"start":{"line":2,"column":29},"end":{"line":2,"column":47}},"line":2},"1":{"name":"(anonymous_1)","decl":{"start":{"line":4,"column":16},"end":{"line":4,"column":17}},"loc":{"start":{"line":5,"column":4},"end":{"line":5,"column":56}},"line":5},"2":{"name":"(anonymous_2)","decl":{"start":{"line":9,"column":19},"end":{"line":9,"column":20}},"loc":{"start":{"line":9,"column":33},"end":{"line":9,"column":50}},"line":9},"3":{"name":"(anonymous_3)","decl":{"start":{"line":11,"column":22},"end":{"line":11,"column":23}},"loc":{"start":{"line":11,"column":47},"end":{"line":11,"column":64}},"line":11}},"branchMap":{},"s":{"0":1,"1":1,"2":0,"3":1,"4":1,"5":1,"6":1,"7":1,"8":1},"f":{"0":0,"1":1,"2":1,"3":1},"b":{},"_coverageSchema":"1a1c01bbd47fc00a2c39e90264f33305004495a9","hash":"18166ab921e50408dc3ca91d6c0bc319dbdc9369"}
}
